<?xml version="1.0" encoding="UTF-8"?>
<testng-results skipped="0" failed="0" total="1" passed="1">
  <reporter-output>
  </reporter-output>
  <suite name="Suite" duration-ms="671688" started-at="2019-05-27T11:06:32Z" finished-at="2019-05-27T11:17:44Z">
    <groups>
    </groups>
    <test name="Test" duration-ms="671688" started-at="2019-05-27T11:06:32Z" finished-at="2019-05-27T11:17:44Z">
      <class name="com.scrapPlant.functions.execution">
        <test-method status="PASS" signature="beforeTest()[pri:0, instance:com.scrapPlant.functions.execution@34ce8af7]" name="beforeTest" is-config="true" duration-ms="22" started-at="2019-05-27T16:36:32Z" finished-at="2019-05-27T16:36:32Z">
          <reporter-output>
          </reporter-output>
        </test-method> <!-- beforeTest -->
        <test-method status="PASS" signature="Execution()[pri:0, instance:com.scrapPlant.functions.execution@34ce8af7]" name="Execution" duration-ms="671568" started-at="2019-05-27T16:36:32Z" finished-at="2019-05-27T16:47:44Z">
          <reporter-output>
          </reporter-output>
        </test-method> <!-- Execution -->
        <test-method status="PASS" signature="afterTest()[pri:0, instance:com.scrapPlant.functions.execution@34ce8af7]" name="afterTest" is-config="true" duration-ms="92" started-at="2019-05-27T16:47:44Z" finished-at="2019-05-27T16:47:44Z">
          <reporter-output>
          </reporter-output>
        </test-method> <!-- afterTest -->
      </class> <!-- com.scrapPlant.functions.execution -->
    </test> <!-- Test -->
  </suite> <!-- Suite -->
</testng-results>
